[backblue.gif]
[fade.gif]
[index.html]
[www.cse.ust.hk/_ericzhao/COMP4321/index.html]
[jqueryui.com/themeroller/themeswitchertool/index.html]
[www.cse.ust.hk/_dlee/4321/index.html]
[www.cse.ust.hk/_ericzhao/COMP4321/index-2.html]
[www.cse.ust.hk/_ericzhao/COMP4321/lab1.html]
[www.cse.ust.hk/_ericzhao/COMP4321/lab2.html]
[www.cse.ust.hk/_ericzhao/COMP4321/lab3.html]
[www.cse.ust.hk/_ericzhao/COMP4321/lab4.html]
[www.cse.ust.hk/_ericzhao/COMP4321/project.html]
[home.cse.ust.hk/_ericzhao/COMP4321/Password_Only/homework_exam/schedule.html]
[www.cse.ust.hk/_ericzhao/COMP4321/news_page.html]
[www.cse.ust.hk/_dlee/index.html]
[www.cse.ust.hk/_ericzhao/COMP4321/css/admin_1.1.css]
[www.cse.ust.hk/_ericzhao/COMP4321/css/admin_1.1-bg.css]
[www.cse.ust.hk/_ericzhao/COMP4321/css/eric_css.css]
[www.cse.ust.hk/_ericzhao/COMP4321/lib/jqueryui/theme/ui.all.css]
[www.cse.ust.hk/_ericzhao/COMP4321/lib/jquery/jquery-1.3.1.min.js]
[www.cse.ust.hk/_ericzhao/COMP4321/lib/jqueryui/jquery-ui-personalized-1.6rc6.min.js]
